<?xml version="1.0" encoding="UTF-8"?>
<!-- Generated by org.testng.reporters.JUnitXMLReporter -->
<testsuite ignored="0" hostname="DESKTOP-BNIRTNQ" failures="1" tests="4" name="Test" time="50.823" errors="0" timestamp="2022-05-29T09:15:36 IST">
  <testcase classname="com.SauceDemo.TestClasses.TC01LoginFunctionality" name="loginFunctionalityTest" time="2.244"/>
  <testcase classname="com.SauceDemo.TestClasses.TC04MultipleProductAddToCartFunctionality" name="multipleProductAddToCart" time="2.065">
    <failure type="java.lang.AssertionError" message="expected [6] but found [3]">
      <![CDATA[java.lang.AssertionError: expected [6] but found [3]
at com.SauceDemo.TestClasses.TC04MultipleProductAddToCartFunctionality.multipleProductAddToCart(TC04MultipleProductAddToCartFunctionality.java:34)
at java.base/java.util.ArrayList.forEach(ArrayList.java:1511)
... Removed 33 stack frames]]>
    </failure>
  </testcase> <!-- multipleProductAddToCart -->
  <testcase classname="com.SauceDemo.TestClasses.TC02LogOutFunctionality" name="logOutFunctionality" time="1.257"/>
  <testcase classname="com.SauceDemo.TestClasses.TC03SingleProductAddToCartFunctionality" name="singleProductAddToCart" time="3.428"/>
</testsuite> <!-- Test -->
